TN:
SF:projects/the-application/src/polyfills.ts
FNF:0
FNH:0
LF:0
LH:0
BRF:0
BRH:0
end_of_record
TN:
SF:projects/the-application/src/test.ts
FNF:0
FNH:0
DA:22,1
DA:27,1
DA:29,1
LF:3
LH:3
BRF:0
BRH:0
end_of_record
TN:
SF:projects/the-application/src/analytics/analytics.service.ts
FN:10,(anonymous_0)
FN:22,(anonymous_1)
FNF:2
FNH:1
FNDA:7,(anonymous_0)
FNDA:0,(anonymous_1)
DA:9,1
DA:10,7
DA:23,0
DA:25,0
DA:27,0
LF:5
LH:2
BRDA:23,0,0,0
BRDA:23,0,1,0
BRDA:25,1,0,0
BRDA:25,1,1,0
BRF:4
BRH:0
end_of_record
TN:
SF:projects/the-application/src/background/background.service.ts
FN:24,(anonymous_0)
FN:38,(anonymous_1)
FN:45,(anonymous_2)
FNF:3
FNH:0
FNDA:0,(anonymous_0)
FNDA:0,(anonymous_1)
FNDA:0,(anonymous_2)
DA:23,1
DA:25,0
DA:35,0
DA:39,0
DA:40,0
DA:43,0
DA:45,0
DA:46,0
DA:49,0
LF:9
LH:1
BRDA:39,0,0,0
BRDA:39,0,1,0
BRDA:40,1,0,0
BRDA:40,1,1,0
BRF:4
BRH:0
end_of_record
TN:
SF:projects/the-application/src/card/card.ts
FN:39,(anonymous_0)
FNF:1
FNH:1
FNDA:4,(anonymous_0)
DA:12,1
DA:18,1
DA:24,1
DA:40,4
DA:41,1
DA:42,1
DA:44,3
DA:45,3
LF:8
LH:8
BRDA:40,0,0,1
BRDA:40,0,1,3
BRF:2
BRH:2
end_of_record
TN:
SF:projects/the-application/src/cards/cards.service.ts
FN:75,(anonymous_0)
FN:51,(anonymous_1)
FN:68,(anonymous_2)
FN:102,(anonymous_3)
FN:112,(anonymous_4)
FN:130,(anonymous_5)
FN:189,(anonymous_6)
FN:209,(anonymous_7)
FN:229,(anonymous_8)
FN:252,(anonymous_9)
FN:272,(anonymous_10)
FN:292,(anonymous_11)
FN:312,(anonymous_12)
FN:332,(anonymous_13)
FN:352,(anonymous_14)
FN:370,(anonymous_15)
FN:388,(anonymous_16)
FN:389,(anonymous_17)
FN:401,(anonymous_18)
FN:418,(anonymous_19)
FN:433,(anonymous_20)
FN:437,(anonymous_21)
FNF:22
FNH:0
FNDA:0,(anonymous_0)
FNDA:0,(anonymous_1)
FNDA:0,(anonymous_2)
FNDA:0,(anonymous_3)
FNDA:0,(anonymous_4)
FNDA:0,(anonymous_5)
FNDA:0,(anonymous_6)
FNDA:0,(anonymous_7)
FNDA:0,(anonymous_8)
FNDA:0,(anonymous_9)
FNDA:0,(anonymous_10)
FNDA:0,(anonymous_11)
FNDA:0,(anonymous_12)
FNDA:0,(anonymous_13)
FNDA:0,(anonymous_14)
FNDA:0,(anonymous_15)
FNDA:0,(anonymous_16)
FNDA:0,(anonymous_17)
FNDA:0,(anonymous_18)
FNDA:0,(anonymous_19)
FNDA:0,(anonymous_20)
FNDA:0,(anonymous_21)
DA:27,1
DA:34,1
DA:42,1
DA:52,0
DA:61,1
DA:69,0
DA:75,0
DA:76,0
DA:106,0
DA:107,0
DA:109,0
DA:112,0
DA:113,0
DA:116,0
DA:117,0
DA:119,0
DA:120,0
DA:121,0
DA:132,0
DA:135,0
DA:138,0
DA:139,0
DA:140,0
DA:144,0
DA:145,0
DA:146,0
DA:150,0
DA:151,0
DA:152,0
DA:156,0
DA:157,0
DA:158,0
DA:162,0
DA:163,0
DA:164,0
DA:168,0
DA:169,0
DA:170,0
DA:174,0
DA:175,0
DA:176,0
DA:179,0
DA:180,0
DA:192,0
DA:194,0
DA:196,0
DA:197,0
DA:198,0
DA:199,0
DA:200,0
DA:201,0
DA:212,0
DA:214,0
DA:216,0
DA:217,0
DA:218,0
DA:219,0
DA:220,0
DA:221,0
DA:232,0
DA:234,0
DA:236,0
DA:237,0
DA:241,0
DA:242,0
DA:243,0
DA:244,0
DA:255,0
DA:257,0
DA:259,0
DA:260,0
DA:261,0
DA:262,0
DA:263,0
DA:264,0
DA:275,0
DA:277,0
DA:279,0
DA:280,0
DA:281,0
DA:282,0
DA:283,0
DA:284,0
DA:295,0
DA:297,0
DA:299,0
DA:300,0
DA:301,0
DA:302,0
DA:303,0
DA:304,0
DA:315,0
DA:317,0
DA:319,0
DA:320,0
DA:321,0
DA:322,0
DA:323,0
DA:324,0
DA:335,0
DA:337,0
DA:339,0
DA:340,0
DA:341,0
DA:342,0
DA:343,0
DA:344,0
DA:354,0
DA:357,0
DA:361,0
DA:364,0
DA:367,0
DA:370,0
DA:373,0
DA:376,0
DA:378,0
DA:389,0
DA:390,0
DA:402,0
DA:403,0
DA:404,0
DA:405,0
DA:406,0
DA:407,0
DA:419,0
DA:420,0
DA:421,0
DA:422,0
DA:423,0
DA:424,0
DA:435,0
DA:437,0
DA:438,0
LF:133
LH:4
BRDA:106,0,0,0
BRDA:106,0,1,0
BRDA:113,1,0,0
BRDA:113,1,1,0
BRDA:116,2,0,0
BRDA:116,2,1,0
BRDA:138,3,0,0
BRDA:138,3,1,0
BRDA:144,4,0,0
BRDA:144,4,1,0
BRDA:150,5,0,0
BRDA:150,5,1,0
BRDA:156,6,0,0
BRDA:156,6,1,0
BRDA:162,7,0,0
BRDA:162,7,1,0
BRDA:168,8,0,0
BRDA:168,8,1,0
BRDA:174,9,0,0
BRDA:174,9,1,0
BRDA:179,10,0,0
BRDA:179,10,1,0
BRDA:402,11,0,0
BRDA:402,11,1,0
BRDA:402,12,0,0
BRDA:402,12,1,0
BRDA:402,12,2,0
BRDA:404,13,0,0
BRDA:404,13,1,0
BRDA:406,14,0,0
BRDA:406,14,1,0
BRDA:419,15,0,0
BRDA:419,15,1,0
BRDA:419,16,0,0
BRDA:419,16,1,0
BRDA:419,16,2,0
BRDA:421,17,0,0
BRDA:421,17,1,0
BRDA:423,18,0,0
BRDA:423,18,1,0
BRF:40
BRH:0
end_of_record
TN:
SF:projects/the-application/src/check-for-update/check-for-update.component.ts
FN:15,(anonymous_0)
FN:11,(anonymous_1)
FN:17,(anonymous_2)
FNF:3
FNH:0
FNDA:0,(anonymous_0)
FNDA:0,(anonymous_1)
FNDA:0,(anonymous_2)
DA:10,1
DA:12,0
DA:15,0
DA:18,0
LF:4
LH:1
BRF:0
BRH:0
end_of_record
TN:
SF:projects/the-application/src/check-for-update/check-for-update.service.ts
FN:27,(anonymous_0)
FN:52,(anonymous_1)
FN:53,(anonymous_2)
FN:63,(anonymous_3)
FN:64,(anonymous_4)
FN:78,(anonymous_5)
FN:81,(anonymous_6)
FN:85,(anonymous_7)
FN:90,(anonymous_8)
FN:100,(anonymous_9)
FN:101,(anonymous_10)
FN:111,(anonymous_11)
FN:129,(anonymous_12)
FN:137,(anonymous_13)
FN:147,(anonymous_14)
FN:165,(anonymous_15)
FN:171,(anonymous_16)
FN:182,(anonymous_17)
FNF:18
FNH:1
FNDA:2,(anonymous_0)
FNDA:0,(anonymous_1)
FNDA:0,(anonymous_2)
FNDA:0,(anonymous_3)
FNDA:0,(anonymous_4)
FNDA:0,(anonymous_5)
FNDA:0,(anonymous_6)
FNDA:0,(anonymous_7)
FNDA:0,(anonymous_8)
FNDA:0,(anonymous_9)
FNDA:0,(anonymous_10)
FNDA:0,(anonymous_11)
FNDA:0,(anonymous_12)
FNDA:0,(anonymous_13)
FNDA:0,(anonymous_14)
FNDA:0,(anonymous_15)
FNDA:0,(anonymous_16)
FNDA:0,(anonymous_17)
DA:24,1
DA:28,2
DA:33,2
DA:38,0
DA:40,0
DA:42,0
DA:53,0
DA:54,0
DA:64,0
DA:65,0
DA:66,0
DA:67,0
DA:79,0
DA:82,0
DA:83,0
DA:86,0
DA:91,0
DA:101,0
DA:102,0
DA:112,0
DA:113,0
DA:114,0
DA:115,0
DA:117,0
DA:118,0
DA:130,0
DA:132,0
DA:138,0
DA:148,0
DA:149,0
DA:150,0
DA:151,0
DA:153,0
DA:154,0
DA:170,0
DA:172,0
DA:176,0
DA:177,0
DA:182,0
DA:183,0
LF:40
LH:3
BRDA:33,0,0,0
BRDA:33,0,1,2
BRDA:34,1,0,2
BRDA:34,1,1,2
BRDA:34,1,2,0
BRDA:65,2,0,0
BRDA:65,2,1,0
BRDA:82,3,0,0
BRDA:82,3,1,0
BRDA:112,4,0,0
BRDA:112,4,1,0
BRDA:114,5,0,0
BRDA:114,5,1,0
BRDA:117,6,0,0
BRDA:117,6,1,0
BRDA:148,7,0,0
BRDA:148,7,1,0
BRDA:150,8,0,0
BRDA:150,8,1,0
BRDA:153,9,0,0
BRDA:153,9,1,0
BRF:21
BRH:3
end_of_record
TN:
SF:projects/the-application/src/create-time/create-time.ts
FN:8,createTime
FNF:1
FNH:1
FNDA:5,createTime
DA:11,5
DA:17,5
LF:2
LH:2
BRDA:12,0,0,5
BRDA:12,0,1,2
BRDA:13,1,0,5
BRDA:13,1,1,1
BRDA:14,2,0,5
BRDA:14,2,1,3
BRDA:15,3,0,5
BRDA:15,3,1,4
BRF:8
BRH:8
end_of_record
TN:
SF:projects/the-application/src/database/database.service.ts
FN:33,(anonymous_0)
FN:42,(anonymous_1)
FN:44,(anonymous_2)
FN:48,(anonymous_3)
FN:72,(anonymous_4)
FN:92,(anonymous_5)
FN:94,(anonymous_6)
FN:105,(anonymous_7)
FN:110,(anonymous_8)
FN:117,(anonymous_9)
FN:118,(anonymous_10)
FN:131,(anonymous_11)
FN:139,(anonymous_12)
FN:146,(anonymous_13)
FN:155,(anonymous_14)
FN:175,updateCase3vCase4
FN:177,(anonymous_16)
FN:190,(anonymous_17)
FN:194,(anonymous_18)
FN:199,(anonymous_19)
FN:203,(anonymous_20)
FN:227,(anonymous_21)
FN:231,(anonymous_22)
FN:237,(anonymous_23)
FN:240,(anonymous_24)
FN:257,completeCase3vCase4
FN:259,(anonymous_26)
FN:265,(anonymous_27)
FN:267,(anonymous_28)
FN:270,(anonymous_29)
FN:286,updateCase5
FN:288,(anonymous_31)
FN:301,(anonymous_32)
FN:305,(anonymous_33)
FN:313,(anonymous_34)
FN:319,(anonymous_35)
FN:327,(anonymous_36)
FN:340,(anonymous_37)
FN:344,(anonymous_38)
FN:350,(anonymous_39)
FN:358,(anonymous_40)
FN:375,completeCase5
FN:377,(anonymous_42)
FN:383,(anonymous_43)
FN:385,(anonymous_44)
FN:388,(anonymous_45)
FN:404,updateCase6
FN:406,(anonymous_47)
FN:419,(anonymous_48)
FN:423,(anonymous_49)
FN:431,(anonymous_50)
FN:437,(anonymous_51)
FN:445,(anonymous_52)
FN:467,(anonymous_53)
FN:471,(anonymous_54)
FN:477,(anonymous_55)
FN:485,(anonymous_56)
FN:502,completeCase6
FN:504,(anonymous_58)
FN:510,(anonymous_59)
FN:512,(anonymous_60)
FN:515,(anonymous_61)
FN:524,(anonymous_62)
FN:559,(anonymous_63)
FN:569,(anonymous_64)
FN:579,(anonymous_65)
FN:587,(anonymous_66)
FN:594,(anonymous_67)
FN:595,(anonymous_68)
FN:605,(anonymous_69)
FNF:70
FNH:4
FNDA:1,(anonymous_0)
FNDA:1,(anonymous_1)
FNDA:0,(anonymous_2)
FNDA:0,(anonymous_3)
FNDA:0,(anonymous_4)
FNDA:1,(anonymous_5)
FNDA:1,(anonymous_6)
FNDA:0,(anonymous_7)
FNDA:0,(anonymous_8)
FNDA:0,(anonymous_9)
FNDA:0,(anonymous_10)
FNDA:0,(anonymous_11)
FNDA:0,(anonymous_12)
FNDA:0,(anonymous_13)
FNDA:0,(anonymous_14)
FNDA:0,updateCase3vCase4
FNDA:0,(anonymous_16)
FNDA:0,(anonymous_17)
FNDA:0,(anonymous_18)
FNDA:0,(anonymous_19)
FNDA:0,(anonymous_20)
FNDA:0,(anonymous_21)
FNDA:0,(anonymous_22)
FNDA:0,(anonymous_23)
FNDA:0,(anonymous_24)
FNDA:0,completeCase3vCase4
FNDA:0,(anonymous_26)
FNDA:0,(anonymous_27)
FNDA:0,(anonymous_28)
FNDA:0,(anonymous_29)
FNDA:0,updateCase5
FNDA:0,(anonymous_31)
FNDA:0,(anonymous_32)
FNDA:0,(anonymous_33)
FNDA:0,(anonymous_34)
FNDA:0,(anonymous_35)
FNDA:0,(anonymous_36)
FNDA:0,(anonymous_37)
FNDA:0,(anonymous_38)
FNDA:0,(anonymous_39)
FNDA:0,(anonymous_40)
FNDA:0,completeCase5
FNDA:0,(anonymous_42)
FNDA:0,(anonymous_43)
FNDA:0,(anonymous_44)
FNDA:0,(anonymous_45)
FNDA:0,updateCase6
FNDA:0,(anonymous_47)
FNDA:0,(anonymous_48)
FNDA:0,(anonymous_49)
FNDA:0,(anonymous_50)
FNDA:0,(anonymous_51)
FNDA:0,(anonymous_52)
FNDA:0,(anonymous_53)
FNDA:0,(anonymous_54)
FNDA:0,(anonymous_55)
FNDA:0,(anonymous_56)
FNDA:0,completeCase6
FNDA:0,(anonymous_58)
FNDA:0,(anonymous_59)
FNDA:0,(anonymous_60)
FNDA:0,(anonymous_61)
FNDA:0,(anonymous_62)
FNDA:0,(anonymous_63)
FNDA:0,(anonymous_64)
FNDA:0,(anonymous_65)
FNDA:0,(anonymous_66)
FNDA:0,(anonymous_67)
FNDA:0,(anonymous_68)
FNDA:0,(anonymous_69)
DA:22,1
DA:34,1
DA:35,1
DA:37,1
DA:38,1
DA:43,1
DA:45,0
DA:46,0
DA:49,0
DA:77,0
DA:78,0
DA:83,0
DA:84,0
DA:93,1
DA:101,1
DA:103,1
DA:105,1
DA:106,0
DA:107,0
DA:110,1
DA:111,0
DA:112,0
DA:113,0
DA:114,0
DA:117,1
DA:118,0
DA:121,0
DA:123,0
DA:124,0
DA:126,0
DA:132,0
DA:135,0
DA:139,0
DA:140,0
DA:141,0
DA:146,0
DA:147,0
DA:148,0
DA:149,0
DA:152,0
DA:155,1
DA:163,0
DA:164,0
DA:165,0
DA:166,0
DA:176,0
DA:184,0
DA:188,0
DA:190,0
DA:191,0
DA:194,0
DA:197,0
DA:199,0
DA:202,0
DA:211,0
DA:212,0
DA:213,0
DA:214,0
DA:220,0
DA:222,0
DA:223,0
DA:225,0
DA:227,0
DA:228,0
DA:231,0
DA:232,0
DA:237,0
DA:240,0
DA:241,0
DA:258,0
DA:263,0
DA:266,0
DA:268,0
DA:271,0
DA:287,0
DA:295,0
DA:299,0
DA:301,0
DA:302,0
DA:305,0
DA:310,0
DA:311,0
DA:312,0
DA:319,0
DA:320,0
DA:323,0
DA:326,0
DA:335,0
DA:336,0
DA:338,0
DA:340,0
DA:341,0
DA:344,0
DA:345,0
DA:350,0
DA:353,0
DA:358,0
DA:359,0
DA:376,0
DA:381,0
DA:384,0
DA:386,0
DA:389,0
DA:405,0
DA:413,0
DA:417,0
DA:419,0
DA:420,0
DA:423,0
DA:428,0
DA:429,0
DA:430,0
DA:437,0
DA:438,0
DA:441,0
DA:444,0
DA:453,0
DA:456,0
DA:457,0
DA:459,0
DA:460,0
DA:463,0
DA:465,0
DA:467,0
DA:468,0
DA:471,0
DA:472,0
DA:477,0
DA:480,0
DA:485,0
DA:486,0
DA:503,0
DA:508,0
DA:511,0
DA:513,0
DA:516,0
DA:524,0
DA:525,0
DA:526,0
DA:527,0
DA:528,0
DA:531,0
DA:533,0
DA:534,0
DA:536,0
DA:537,0
DA:541,0
DA:542,0
DA:544,0
DA:545,0
DA:549,0
DA:550,0
DA:552,0
DA:553,0
DA:557,0
DA:558,0
DA:559,0
DA:562,0
DA:563,0
DA:567,0
DA:568,0
DA:569,0
DA:572,0
DA:573,0
DA:577,0
DA:578,0
DA:579,0
DA:581,0
DA:582,0
DA:586,0
DA:587,0
DA:589,0
DA:590,0
DA:594,0
DA:595,0
DA:596,0
DA:597,0
DA:598,0
DA:599,0
DA:600,0
DA:601,0
DA:602,0
DA:605,0
DA:606,0
DA:607,0
DA:608,0
DA:609,0
DA:610,0
DA:611,0
DA:612,0
LF:190
LH:13
BRDA:37,0,0,1
BRDA:37,0,1,0
BRDA:77,1,0,0
BRDA:77,1,1,0
BRDA:83,2,0,0
BRDA:83,2,1,0
BRDA:323,3,0,0
BRDA:323,3,1,0
BRDA:441,4,0,0
BRDA:441,4,1,0
BRDA:454,5,0,0
BRDA:454,5,1,0
BRDA:454,5,2,0
BRDA:532,6,0,0
BRDA:532,6,1,0
BRDA:532,6,2,0
BRDA:532,6,3,0
BRDA:532,6,4,0
BRDA:532,6,5,0
BRDA:532,6,6,0
BRDA:536,7,0,0
BRDA:536,7,1,0
BRDA:544,8,0,0
BRDA:544,8,1,0
BRDA:552,9,0,0
BRDA:552,9,1,0
BRDA:562,10,0,0
BRDA:562,10,1,0
BRDA:572,11,0,0
BRDA:572,11,1,0
BRDA:581,12,0,0
BRDA:581,12,1,0
BRDA:589,13,0,0
BRDA:589,13,1,0
BRDA:596,14,0,0
BRDA:596,14,1,0
BRDA:597,15,0,0
BRDA:597,15,1,0
BRDA:599,16,0,0
BRDA:599,16,1,0
BRDA:601,17,0,0
BRDA:601,17,1,0
BRDA:601,18,0,0
BRDA:601,18,1,0
BRDA:606,19,0,0
BRDA:606,19,1,0
BRDA:607,20,0,0
BRDA:607,20,1,0
BRDA:609,21,0,0
BRDA:609,21,1,0
BRDA:611,22,0,0
BRDA:611,22,1,0
BRDA:611,23,0,0
BRDA:611,23,1,0
BRF:54
BRH:1
end_of_record
TN:
SF:projects/the-application/src/device/device.service.ts
FN:30,(anonymous_0)
FN:51,(anonymous_1)
FN:54,(anonymous_2)
FN:63,(anonymous_3)
FN:64,(anonymous_4)
FN:67,(anonymous_5)
FN:75,(anonymous_6)
FN:78,(anonymous_7)
FN:96,(anonymous_8)
FN:114,(anonymous_9)
FN:122,(anonymous_10)
FN:135,(anonymous_11)
FNF:12
FNH:6
FNDA:2,(anonymous_0)
FNDA:2,(anonymous_1)
FNDA:0,(anonymous_2)
FNDA:2,(anonymous_3)
FNDA:0,(anonymous_4)
FNDA:0,(anonymous_5)
FNDA:2,(anonymous_6)
FNDA:0,(anonymous_7)
FNDA:2,(anonymous_8)
FNDA:2,(anonymous_9)
FNDA:0,(anonymous_10)
FNDA:0,(anonymous_11)
DA:20,1
DA:31,2
DA:35,2
DA:36,2
DA:38,2
DA:39,2
DA:40,2
DA:41,2
DA:42,2
DA:43,2
DA:52,2
DA:55,0
DA:64,2
DA:65,0
DA:67,2
DA:68,0
DA:76,2
DA:83,0
DA:84,0
DA:85,0
DA:87,0
DA:101,2
DA:102,2
DA:103,2
DA:105,2
DA:118,2
DA:119,2
DA:120,2
DA:123,0
DA:127,0
DA:129,0
DA:130,0
DA:136,0
DA:143,2
DA:145,2
DA:153,0
LF:36
LH:23
BRDA:38,0,0,2
BRDA:38,0,1,0
BRDA:118,1,0,2
BRDA:118,1,1,0
BRDA:119,2,0,2
BRDA:119,2,1,0
BRDA:129,3,0,0
BRDA:129,3,1,0
BRDA:145,4,0,0
BRDA:145,4,1,2
BRDA:146,5,0,2
BRDA:146,5,1,2
BRDA:146,5,2,2
BRDA:146,5,3,0
BRDA:146,5,4,0
BRDA:146,5,5,0
BRF:16
BRH:7
end_of_record
TN:
SF:projects/the-application/src/device-size/device-size.ts
FN:39,(anonymous_0)
FNF:1
FNH:1
FNDA:4,(anonymous_0)
DA:12,1
DA:18,1
DA:40,4
DA:41,4
DA:42,4
DA:44,0
DA:45,0
LF:7
LH:5
BRDA:40,0,0,4
BRDA:40,0,1,0
BRF:2
BRH:1
end_of_record
TN:
SF:projects/the-application/src/environments/environment.ts
FNF:0
FNH:0
DA:8,1
LF:1
LH:1
BRF:0
BRH:0
end_of_record
TN:
SF:projects/the-application/src/fade-animation/fade-animation.ts
FNF:0
FNH:0
DA:10,1
LF:1
LH:1
BRF:0
BRH:0
end_of_record
TN:
SF:projects/the-application/src/game/game.service.ts
FN:61,(anonymous_0)
FN:74,(anonymous_1)
FN:76,(anonymous_2)
FN:86,(anonymous_3)
FN:89,(anonymous_4)
FNF:5
FNH:0
FNDA:0,(anonymous_0)
FNDA:0,(anonymous_1)
FNDA:0,(anonymous_2)
FNDA:0,(anonymous_3)
FNDA:0,(anonymous_4)
DA:11,1
DA:61,0
DA:62,0
DA:63,0
DA:64,0
DA:65,0
DA:66,0
DA:67,0
DA:68,0
DA:75,0
DA:80,0
DA:87,0
DA:90,0
LF:13
LH:1
BRF:0
BRH:0
end_of_record
TN:
SF:projects/the-application/src/high-scores/high-scores.component.ts
FN:79,(anonymous_0)
FN:75,(anonymous_1)
FN:87,(anonymous_2)
FN:91,(anonymous_3)
FN:104,(anonymous_4)
FN:105,(anonymous_5)
FN:119,(anonymous_6)
FN:127,(anonymous_7)
FN:133,(anonymous_8)
FN:138,(anonymous_9)
FNF:10
FNH:0
FNDA:0,(anonymous_0)
FNDA:0,(anonymous_1)
FNDA:0,(anonymous_2)
FNDA:0,(anonymous_3)
FNDA:0,(anonymous_4)
FNDA:0,(anonymous_5)
FNDA:0,(anonymous_6)
FNDA:0,(anonymous_7)
FNDA:0,(anonymous_8)
FNDA:0,(anonymous_9)
DA:34,1
DA:44,0
DA:54,0
DA:61,0
DA:63,0
DA:64,0
DA:66,0
DA:67,0
DA:68,0
DA:76,0
DA:80,0
DA:81,0
DA:82,0
DA:83,0
DA:84,0
DA:88,0
DA:92,0
DA:98,0
DA:105,0
DA:106,0
DA:107,0
DA:109,0
DA:111,0
DA:120,0
DA:121,0
DA:128,0
DA:130,0
DA:134,0
DA:135,0
DA:139,0
DA:141,0
DA:142,0
LF:32
LH:1
BRDA:106,0,0,0
BRDA:106,0,1,0
BRDA:109,1,0,0
BRDA:109,1,1,0
BRDA:141,2,0,0
BRDA:141,2,1,0
BRDA:141,3,0,0
BRDA:141,3,1,0
BRF:8
BRH:0
end_of_record
TN:
SF:projects/the-application/src/high-scores/high-scores.service.ts
FN:27,(anonymous_0)
FNF:1
FNH:0
FNDA:0,(anonymous_0)
DA:21,1
DA:25,0
DA:28,0
DA:33,0
LF:4
LH:1
BRF:0
BRH:0
end_of_record
TN:
SF:projects/the-application/src/holiday/holiday.ts
FN:11,useValentinesDay
FN:29,useStPatricksDay
FN:54,getEaster
FN:84,useEaster
FN:102,use4thOfJuly
FN:120,useHalloween
FN:143,getThanksgiving
FN:158,useThanksgiving
FN:176,useChristmas
FNF:9
FNH:0
FNDA:0,useValentinesDay
FNDA:0,useStPatricksDay
FNDA:0,getEaster
FNDA:0,useEaster
FNDA:0,use4thOfJuly
FNDA:0,useHalloween
FNDA:0,getThanksgiving
FNDA:0,useThanksgiving
FNDA:0,useChristmas
DA:8,1
DA:15,0
DA:16,0
DA:18,0
DA:22,0
DA:25,0
DA:33,0
DA:34,0
DA:36,0
DA:40,0
DA:43,0
DA:65,0
DA:67,0
DA:68,0
DA:70,0
DA:72,0
DA:74,0
DA:76,0
DA:78,0
DA:79,0
DA:81,0
DA:88,0
DA:89,0
DA:91,0
DA:95,0
DA:98,0
DA:106,0
DA:107,0
DA:109,0
DA:113,0
DA:116,0
DA:124,0
DA:125,0
DA:127,0
DA:131,0
DA:134,0
DA:147,0
DA:149,0
DA:150,0
DA:152,0
DA:155,0
DA:162,0
DA:163,0
DA:165,0
DA:169,0
DA:172,0
DA:180,0
DA:181,0
DA:183,0
DA:187,0
DA:190,0
LF:51
LH:1
BRDA:18,0,0,0
BRDA:18,0,1,0
BRDA:19,1,0,0
BRDA:19,1,1,0
BRDA:36,2,0,0
BRDA:36,2,1,0
BRDA:37,3,0,0
BRDA:37,3,1,0
BRDA:91,4,0,0
BRDA:91,4,1,0
BRDA:92,5,0,0
BRDA:92,5,1,0
BRDA:109,6,0,0
BRDA:109,6,1,0
BRDA:110,7,0,0
BRDA:110,7,1,0
BRDA:127,8,0,0
BRDA:127,8,1,0
BRDA:128,9,0,0
BRDA:128,9,1,0
BRDA:149,10,0,0
BRDA:149,10,1,0
BRDA:165,11,0,0
BRDA:165,11,1,0
BRDA:166,12,0,0
BRDA:166,12,1,0
BRDA:183,13,0,0
BRDA:183,13,1,0
BRDA:184,14,0,0
BRDA:184,14,1,0
BRF:30
BRH:0
end_of_record
TN:
SF:projects/the-application/src/install/install.component.ts
FN:35,(anonymous_0)
FN:18,(anonymous_1)
FN:22,(anonymous_2)
FN:40,(anonymous_3)
FNF:4
FNH:0
FNDA:0,(anonymous_0)
FNDA:0,(anonymous_1)
FNDA:0,(anonymous_2)
FNDA:0,(anonymous_3)
DA:17,1
DA:19,0
DA:23,0
DA:24,0
DA:32,0
DA:36,0
DA:37,0
DA:41,0
DA:42,0
DA:44,0
LF:10
LH:1
BRDA:23,0,0,0
BRDA:23,0,1,0
BRDA:25,1,0,0
BRDA:25,1,1,0
BRDA:25,1,2,0
BRDA:25,1,3,0
BRDA:41,2,0,0
BRDA:41,2,1,0
BRF:8
BRH:0
end_of_record
TN:
SF:projects/the-application/src/language/language.component.ts
FNF:0
FNH:0
DA:8,1
LF:1
LH:1
BRF:0
BRH:0
end_of_record
TN:
SF:projects/the-application/src/language/language.service.ts
FN:21,(anonymous_0)
FN:30,(anonymous_1)
FN:47,(anonymous_2)
FNF:3
FNH:0
FNDA:0,(anonymous_0)
FNDA:0,(anonymous_1)
FNDA:0,(anonymous_2)
DA:11,1
DA:19,1
DA:22,0
DA:23,0
DA:26,0
DA:27,0
DA:31,0
DA:34,0
DA:36,0
DA:37,0
DA:38,0
DA:41,0
DA:48,0
LF:13
LH:2
BRDA:31,0,0,0
BRDA:31,0,1,0
BRF:2
BRH:0
end_of_record
TN:
SF:projects/the-application/src/leaderboard/leaderboard.component.ts
FN:79,(anonymous_0)
FN:75,(anonymous_1)
FN:87,(anonymous_2)
FN:91,(anonymous_3)
FN:104,(anonymous_4)
FN:105,(anonymous_5)
FN:119,(anonymous_6)
FN:124,(anonymous_7)
FN:129,(anonymous_8)
FNF:9
FNH:0
FNDA:0,(anonymous_0)
FNDA:0,(anonymous_1)
FNDA:0,(anonymous_2)
FNDA:0,(anonymous_3)
FNDA:0,(anonymous_4)
FNDA:0,(anonymous_5)
FNDA:0,(anonymous_6)
FNDA:0,(anonymous_7)
FNDA:0,(anonymous_8)
DA:34,1
DA:44,0
DA:54,0
DA:61,0
DA:63,0
DA:64,0
DA:66,0
DA:67,0
DA:68,0
DA:76,0
DA:80,0
DA:81,0
DA:82,0
DA:83,0
DA:84,0
DA:88,0
DA:92,0
DA:98,0
DA:105,0
DA:106,0
DA:107,0
DA:109,0
DA:111,0
DA:120,0
DA:121,0
DA:125,0
DA:126,0
DA:130,0
DA:132,0
DA:133,0
LF:30
LH:1
BRDA:106,0,0,0
BRDA:106,0,1,0
BRDA:109,1,0,0
BRDA:109,1,1,0
BRDA:132,2,0,0
BRDA:132,2,1,0
BRDA:132,3,0,0
BRDA:132,3,1,0
BRF:8
BRH:0
end_of_record
TN:
SF:projects/the-application/src/leaderboard/leaderboard.service.ts
FN:27,(anonymous_0)
FNF:1
FNH:0
FNDA:0,(anonymous_0)
DA:21,1
DA:25,0
DA:28,0
DA:33,0
LF:4
LH:1
BRF:0
BRH:0
end_of_record
TN:
SF:projects/the-application/src/main-menu/main-menu.component.ts
FN:38,(anonymous_0)
FN:45,(anonymous_1)
FN:46,(anonymous_2)
FN:51,(anonymous_3)
FN:91,(anonymous_4)
FN:103,(anonymous_5)
FN:138,(anonymous_6)
FN:142,(anonymous_7)
FNF:8
FNH:0
FNDA:0,(anonymous_0)
FNDA:0,(anonymous_1)
FNDA:0,(anonymous_2)
FNDA:0,(anonymous_3)
FNDA:0,(anonymous_4)
FNDA:0,(anonymous_5)
FNDA:0,(anonymous_6)
FNDA:0,(anonymous_7)
DA:29,1
DA:32,1
DA:34,1
DA:39,0
DA:40,0
DA:41,0
DA:42,0
DA:46,0
DA:47,0
DA:52,0
DA:54,0
DA:56,0
DA:62,0
DA:68,0
DA:80,0
DA:88,0
DA:92,0
DA:108,0
DA:110,0
DA:111,0
DA:114,0
DA:115,0
DA:121,0
DA:123,0
DA:126,0
DA:128,0
DA:129,0
DA:131,0
DA:132,0
DA:135,0
DA:139,0
DA:143,0
DA:144,0
LF:33
LH:3
BRDA:110,0,0,0
BRDA:110,0,1,0
BRDA:110,1,0,0
BRDA:110,1,1,0
BRDA:114,2,0,0
BRDA:114,2,1,0
BRDA:123,3,0,0
BRDA:123,3,1,0
BRDA:123,4,0,0
BRDA:123,4,1,0
BRDA:143,5,0,0
BRDA:143,5,1,0
BRDA:143,6,0,0
BRDA:143,6,1,0
BRF:14
BRH:0
end_of_record
TN:
SF:projects/the-application/src/menu-button/menu-button.ts
FN:2,(anonymous_0)
FNF:1
FNH:0
FNDA:0,(anonymous_0)
DA:3,0
DA:4,0
DA:5,0
DA:6,0
LF:4
LH:0
BRF:0
BRH:0
end_of_record
TN:
SF:projects/the-application/src/profiler/profiler.service.ts
FN:11,(anonymous_1)
FNF:1
FNH:0
FNDA:0,(anonymous_1)
DA:8,1
DA:9,0
DA:12,0
LF:3
LH:1
BRF:0
BRH:0
end_of_record
TN:
SF:projects/the-application/src/recent-scores/recent-scores.component.ts
FN:79,(anonymous_0)
FN:75,(anonymous_1)
FN:87,(anonymous_2)
FN:91,(anonymous_3)
FN:102,(anonymous_4)
FN:103,(anonymous_5)
FN:117,(anonymous_6)
FN:125,(anonymous_7)
FN:131,(anonymous_8)
FN:136,(anonymous_9)
FNF:10
FNH:0
FNDA:0,(anonymous_0)
FNDA:0,(anonymous_1)
FNDA:0,(anonymous_2)
FNDA:0,(anonymous_3)
FNDA:0,(anonymous_4)
FNDA:0,(anonymous_5)
FNDA:0,(anonymous_6)
FNDA:0,(anonymous_7)
FNDA:0,(anonymous_8)
FNDA:0,(anonymous_9)
DA:34,1
DA:44,0
DA:54,0
DA:61,0
DA:63,0
DA:64,0
DA:66,0
DA:67,0
DA:68,0
DA:76,0
DA:80,0
DA:81,0
DA:82,0
DA:83,0
DA:84,0
DA:88,0
DA:92,0
DA:103,0
DA:104,0
DA:105,0
DA:107,0
DA:109,0
DA:118,0
DA:119,0
DA:126,0
DA:128,0
DA:132,0
DA:133,0
DA:137,0
DA:139,0
DA:140,0
LF:31
LH:1
BRDA:104,0,0,0
BRDA:104,0,1,0
BRDA:107,1,0,0
BRDA:107,1,1,0
BRDA:139,2,0,0
BRDA:139,2,1,0
BRDA:139,3,0,0
BRDA:139,3,1,0
BRF:8
BRH:0
end_of_record
TN:
SF:projects/the-application/src/recent-scores/recent-scores.service.ts
FN:28,(anonymous_0)
FN:40,(anonymous_1)
FNF:2
FNH:0
FNDA:0,(anonymous_0)
FNDA:0,(anonymous_1)
DA:22,1
DA:26,0
DA:29,0
DA:34,0
DA:41,0
LF:5
LH:1
BRF:0
BRH:0
end_of_record
TN:
SF:projects/the-application/src/redirect/redirect.ts
FN:1,redirect
FNF:1
FNH:0
FNDA:0,redirect
DA:2,0
DA:3,0
DA:8,0
DA:9,0
DA:12,0
DA:13,0
DA:16,0
DA:17,0
DA:20,0
DA:21,0
DA:24,0
LF:11
LH:0
BRDA:2,0,0,0
BRDA:2,0,1,0
BRDA:8,1,0,0
BRDA:8,1,1,0
BRDA:8,2,0,0
BRDA:8,2,1,0
BRDA:8,3,0,0
BRDA:8,3,1,0
BRDA:9,4,0,0
BRDA:9,4,1,0
BRDA:9,5,0,0
BRDA:9,5,1,0
BRDA:9,6,0,0
BRDA:9,6,1,0
BRDA:9,7,0,0
BRDA:9,7,1,0
BRDA:12,8,0,0
BRDA:12,8,1,0
BRDA:16,9,0,0
BRDA:16,9,1,0
BRDA:16,10,0,0
BRDA:16,10,1,0
BRDA:16,11,0,0
BRDA:16,11,1,0
BRDA:16,12,0,0
BRDA:16,12,1,0
BRDA:16,13,0,0
BRDA:16,13,1,0
BRDA:17,14,0,0
BRDA:17,14,1,0
BRDA:17,15,0,0
BRDA:17,15,1,0
BRDA:17,16,0,0
BRDA:17,16,1,0
BRDA:17,17,0,0
BRDA:17,17,1,0
BRDA:17,18,0,0
BRDA:17,18,1,0
BRDA:17,19,0,0
BRDA:17,19,1,0
BRDA:20,20,0,0
BRDA:20,20,1,0
BRF:42
BRH:0
end_of_record
TN:
SF:projects/the-application/src/root/root.component.ts
FN:38,(anonymous_0)
FN:45,(anonymous_1)
FN:57,(anonymous_2)
FN:69,(anonymous_3)
FNF:4
FNH:0
FNDA:0,(anonymous_0)
FNDA:0,(anonymous_1)
FNDA:0,(anonymous_2)
FNDA:0,(anonymous_3)
DA:32,1
DA:39,0
DA:40,0
DA:48,0
DA:49,0
DA:51,0
DA:54,0
DA:58,0
DA:61,0
DA:63,0
DA:64,0
DA:70,0
DA:73,0
DA:75,0
LF:14
LH:1
BRDA:48,0,0,0
BRDA:48,0,1,0
BRDA:58,1,0,0
BRDA:58,1,1,0
BRDA:63,2,0,0
BRDA:63,2,1,0
BRDA:70,3,0,0
BRDA:70,3,1,0
BRF:8
BRH:0
end_of_record
TN:
SF:projects/the-application/src/route/route.guard.ts
FN:18,(anonymous_0)
FN:25,(anonymous_1)
FN:42,(anonymous_2)
FNF:3
FNH:0
FNDA:0,(anonymous_0)
FNDA:0,(anonymous_1)
FNDA:0,(anonymous_2)
DA:17,1
DA:19,0
DA:20,0
DA:21,0
DA:22,0
DA:29,0
DA:31,0
DA:33,0
DA:37,0
DA:39,0
DA:42,0
DA:43,0
DA:46,0
DA:48,0
DA:50,0
DA:53,0
DA:54,0
DA:57,0
DA:59,0
LF:19
LH:1
BRDA:29,0,0,0
BRDA:29,0,1,0
BRDA:29,1,0,0
BRDA:29,1,1,0
BRDA:33,2,0,0
BRDA:33,2,1,0
BRDA:37,3,0,0
BRDA:37,3,1,0
BRDA:40,4,0,0
BRDA:40,4,1,0
BRDA:39,5,0,0
BRDA:39,5,1,0
BRDA:39,6,0,0
BRDA:39,6,1,0
BRDA:39,7,0,0
BRDA:39,7,1,0
BRDA:39,8,0,0
BRDA:39,8,1,0
BRDA:39,9,0,0
BRDA:39,9,1,0
BRDA:39,10,0,0
BRDA:39,10,1,0
BRDA:39,11,0,0
BRDA:39,11,1,0
BRDA:53,12,0,0
BRDA:53,12,1,0
BRF:26
BRH:0
end_of_record
TN:
SF:projects/the-application/src/route-location/route-location.ts
FN:1,(anonymous_0)
FNF:1
FNH:1
FNDA:1,(anonymous_0)
DA:1,1
DA:2,1
DA:3,1
DA:4,1
DA:5,1
DA:6,1
LF:6
LH:6
BRDA:1,0,0,1
BRDA:1,0,1,1
BRF:2
BRH:2
end_of_record
TN:
SF:projects/the-application/src/score/score.ts
FN:45,(anonymous_0)
FN:35,(anonymous_1)
FN:65,(anonymous_2)
FN:66,(anonymous_3)
FN:79,(anonymous_4)
FN:125,(anonymous_5)
FN:140,(anonymous_6)
FN:151,(anonymous_7)
FN:152,(anonymous_8)
FN:158,(anonymous_9)
FN:160,(anonymous_10)
FN:174,(anonymous_11)
FN:181,(anonymous_12)
FN:190,(anonymous_13)
FN:192,(anonymous_14)
FN:206,(anonymous_15)
FN:210,(anonymous_16)
FN:214,(anonymous_17)
FN:239,(anonymous_18)
FN:278,(anonymous_19)
FN:308,(anonymous_20)
FN:323,(anonymous_21)
FN:342,(anonymous_22)
FN:350,(anonymous_23)
FN:364,(anonymous_24)
FN:370,(anonymous_25)
FN:391,(anonymous_26)
FN:397,(anonymous_27)
FN:411,(anonymous_28)
FN:417,(anonymous_29)
FNF:30
FNH:0
FNDA:0,(anonymous_0)
FNDA:0,(anonymous_1)
FNDA:0,(anonymous_2)
FNDA:0,(anonymous_3)
FNDA:0,(anonymous_4)
FNDA:0,(anonymous_5)
FNDA:0,(anonymous_6)
FNDA:0,(anonymous_7)
FNDA:0,(anonymous_8)
FNDA:0,(anonymous_9)
FNDA:0,(anonymous_10)
FNDA:0,(anonymous_11)
FNDA:0,(anonymous_12)
FNDA:0,(anonymous_13)
FNDA:0,(anonymous_14)
FNDA:0,(anonymous_15)
FNDA:0,(anonymous_16)
FNDA:0,(anonymous_17)
FNDA:0,(anonymous_18)
FNDA:0,(anonymous_19)
FNDA:0,(anonymous_20)
FNDA:0,(anonymous_21)
FNDA:0,(anonymous_22)
FNDA:0,(anonymous_23)
FNDA:0,(anonymous_24)
FNDA:0,(anonymous_25)
FNDA:0,(anonymous_26)
FNDA:0,(anonymous_27)
FNDA:0,(anonymous_28)
FNDA:0,(anonymous_29)
DA:25,0
DA:36,0
DA:37,0
DA:38,0
DA:39,0
DA:42,0
DA:46,0
DA:47,0
DA:48,0
DA:49,0
DA:51,0
DA:53,0
DA:54,0
DA:66,0
DA:67,0
DA:85,0
DA:86,0
DA:88,0
DA:89,0
DA:91,0
DA:92,0
DA:94,0
DA:95,0
DA:98,0
DA:99,0
DA:101,0
DA:102,0
DA:105,0
DA:106,0
DA:108,0
DA:109,0
DA:112,0
DA:126,0
DA:127,0
DA:129,0
DA:141,0
DA:142,0
DA:145,0
DA:146,0
DA:147,0
DA:150,0
DA:152,0
DA:153,0
DA:156,0
DA:159,0
DA:160,0
DA:161,0
DA:164,0
DA:175,0
DA:182,0
DA:191,0
DA:196,0
DA:200,0
DA:204,0
DA:206,0
DA:207,0
DA:210,0
DA:213,0
DA:215,0
DA:219,0
DA:224,0
DA:226,0
DA:244,0
DA:250,0
DA:251,0
DA:252,0
DA:254,0
DA:255,0
DA:256,0
DA:258,0
DA:263,0
DA:264,0
DA:266,0
DA:267,0
DA:268,0
DA:270,0
DA:275,0
DA:277,0
DA:282,0
DA:283,0
DA:284,0
DA:290,0
DA:292,0
DA:295,0
DA:300,0
DA:302,0
DA:306,0
DA:308,0
DA:309,0
DA:310,0
DA:316,0
DA:318,0
DA:320,0
DA:323,0
DA:324,0
DA:329,0
DA:331,0
DA:345,0
DA:347,0
DA:349,0
DA:354,0
DA:358,0
DA:362,0
DA:364,0
DA:365,0
DA:367,0
DA:370,0
DA:371,0
DA:376,0
DA:378,0
DA:394,0
DA:396,0
DA:401,0
DA:405,0
DA:409,0
DA:411,0
DA:412,0
DA:414,0
DA:417,0
DA:418,0
DA:423,0
DA:425,0
LF:122
LH:0
BRDA:53,0,0,0
BRDA:53,0,1,0
BRDA:36,1,0,0
BRDA:36,1,1,0
BRDA:38,2,0,0
BRDA:38,2,1,0
BRDA:68,3,0,0
BRDA:68,3,1,0
BRDA:68,3,2,0
BRDA:91,4,0,0
BRDA:91,4,1,0
BRDA:94,5,0,0
BRDA:94,5,1,0
BRDA:98,6,0,0
BRDA:98,6,1,0
BRDA:101,7,0,0
BRDA:101,7,1,0
BRDA:105,8,0,0
BRDA:105,8,1,0
BRDA:108,9,0,0
BRDA:108,9,1,0
BRDA:126,10,0,0
BRDA:126,10,1,0
BRDA:141,11,0,0
BRDA:141,11,1,0
BRDA:145,12,0,0
BRDA:145,12,1,0
BRDA:159,13,0,0
BRDA:159,13,1,0
BRDA:196,14,0,0
BRDA:196,14,1,0
BRDA:196,15,0,0
BRDA:196,15,1,0
BRDA:250,16,0,0
BRDA:250,16,1,0
BRDA:254,17,0,0
BRDA:254,17,1,0
BRDA:266,18,0,0
BRDA:266,18,1,0
BRDA:282,19,0,0
BRDA:282,19,1,0
BRDA:283,20,0,0
BRDA:283,20,1,0
BRDA:295,21,0,0
BRDA:295,21,1,0
BRDA:295,22,0,0
BRDA:295,22,1,0
BRDA:309,23,0,0
BRDA:309,23,1,0
BRDA:354,24,0,0
BRDA:354,24,1,0
BRDA:354,25,0,0
BRDA:354,25,1,0
BRDA:401,26,0,0
BRDA:401,26,1,0
BRDA:401,27,0,0
BRDA:401,27,1,0
BRF:57
BRH:0
end_of_record
TN:
SF:projects/the-application/src/setting/setting.ts
FN:47,(anonymous_0)
FN:74,(anonymous_1)
FNF:2
FNH:0
FNDA:0,(anonymous_0)
FNDA:0,(anonymous_1)
DA:18,1
DA:24,1
DA:52,0
DA:53,0
DA:54,0
DA:56,0
DA:57,0
DA:60,0
DA:61,0
DA:63,0
DA:64,0
DA:77,0
DA:79,0
DA:80,0
DA:82,0
DA:83,0
DA:86,0
LF:17
LH:2
BRDA:52,0,0,0
BRDA:52,0,1,0
BRDA:56,1,0,0
BRDA:56,1,1,0
BRDA:63,2,0,0
BRDA:63,2,1,0
BRDA:82,3,0,0
BRDA:82,3,1,0
BRF:8
BRH:0
end_of_record
TN:
SF:projects/the-application/src/settings/settings.service.ts
FN:37,(anonymous_0)
FN:27,(anonymous_1)
FN:52,(anonymous_2)
FN:63,(anonymous_3)
FN:64,(anonymous_4)
FN:69,(anonymous_5)
FN:71,(anonymous_6)
FN:80,(anonymous_7)
FN:84,(anonymous_8)
FN:86,(anonymous_9)
FN:92,(anonymous_10)
FN:116,(anonymous_11)
FN:120,(anonymous_12)
FN:139,(anonymous_13)
FN:141,(anonymous_14)
FN:155,(anonymous_15)
FN:159,(anonymous_16)
FN:163,(anonymous_17)
FNF:18
FNH:0
FNDA:0,(anonymous_0)
FNDA:0,(anonymous_1)
FNDA:0,(anonymous_2)
FNDA:0,(anonymous_3)
FNDA:0,(anonymous_4)
FNDA:0,(anonymous_5)
FNDA:0,(anonymous_6)
FNDA:0,(anonymous_7)
FNDA:0,(anonymous_8)
FNDA:0,(anonymous_9)
FNDA:0,(anonymous_10)
FNDA:0,(anonymous_11)
FNDA:0,(anonymous_12)
FNDA:0,(anonymous_13)
FNDA:0,(anonymous_14)
FNDA:0,(anonymous_15)
FNDA:0,(anonymous_16)
FNDA:0,(anonymous_17)
DA:13,1
DA:22,0
DA:28,0
DA:29,0
DA:30,0
DA:31,0
DA:34,0
DA:38,0
DA:39,0
DA:40,0
DA:42,0
DA:43,0
DA:53,0
DA:54,0
DA:57,0
DA:58,0
DA:59,0
DA:62,0
DA:64,0
DA:65,0
DA:66,0
DA:70,0
DA:71,0
DA:72,0
DA:75,0
DA:81,0
DA:85,0
DA:92,0
DA:93,0
DA:96,0
DA:97,0
DA:98,0
DA:101,0
DA:106,0
DA:108,0
DA:110,0
DA:114,0
DA:116,0
DA:117,0
DA:120,0
DA:121,0
DA:126,0
DA:128,0
DA:140,0
DA:145,0
DA:149,0
DA:153,0
DA:155,0
DA:156,0
DA:159,0
DA:162,0
DA:164,0
DA:168,0
DA:173,0
DA:175,0
LF:55
LH:1
BRDA:42,0,0,0
BRDA:42,0,1,0
BRDA:28,1,0,0
BRDA:28,1,1,0
BRDA:30,2,0,0
BRDA:30,2,1,0
BRDA:53,3,0,0
BRDA:53,3,1,0
BRDA:57,4,0,0
BRDA:57,4,1,0
BRDA:70,5,0,0
BRDA:70,5,1,0
BRDA:96,6,0,0
BRDA:96,6,1,0
BRDA:101,7,0,0
BRDA:101,7,1,0
BRDA:101,8,0,0
BRDA:101,8,1,0
BRDA:145,9,0,0
BRDA:145,9,1,0
BRDA:145,10,0,0
BRDA:145,10,1,0
BRF:22
BRH:0
end_of_record
TN:
SF:projects/the-application/src/shell/shell.component.ts
FNF:0
FNH:0
DA:9,1
LF:1
LH:1
BRF:0
BRH:0
end_of_record
TN:
SF:projects/the-application/src/statistic/statistic.ts
FN:158,(anonymous_0)
FN:220,(anonymous_1)
FNF:2
FNH:1
FNDA:2,(anonymous_0)
FNDA:0,(anonymous_1)
DA:20,1
DA:26,1
DA:32,1
DA:38,1
DA:44,1
DA:50,1
DA:173,2
DA:174,0
DA:175,0
DA:176,0
DA:177,0
DA:179,0
DA:180,0
DA:181,0
DA:182,0
DA:183,0
DA:185,0
DA:186,0
DA:187,0
DA:188,0
DA:190,0
DA:191,0
DA:194,0
DA:195,0
DA:197,0
DA:198,0
DA:202,2
DA:203,2
DA:204,2
DA:205,2
DA:206,2
DA:207,2
DA:209,2
DA:210,1
DA:223,0
DA:225,0
DA:226,0
DA:227,0
DA:228,0
DA:229,0
DA:230,0
DA:232,0
DA:233,0
DA:236,0
LF:44
LH:15
BRDA:173,0,0,0
BRDA:173,0,1,2
BRDA:179,1,0,0
BRDA:179,1,1,0
BRDA:190,2,0,0
BRDA:190,2,1,0
BRDA:197,3,0,0
BRDA:197,3,1,0
BRDA:209,4,0,1
BRDA:209,4,1,1
BRDA:232,5,0,0
BRDA:232,5,1,0
BRF:12
BRH:3
end_of_record
TN:
SF:projects/the-application/src/statistics/statistics.service.ts
FN:45,(anonymous_0)
FN:34,(anonymous_1)
FN:41,(anonymous_2)
FN:55,(anonymous_3)
FN:58,(anonymous_4)
FN:68,(anonymous_5)
FN:74,(anonymous_6)
FN:100,(anonymous_7)
FN:110,(anonymous_8)
FN:120,(anonymous_9)
FN:123,(anonymous_10)
FN:135,(anonymous_11)
FN:146,(anonymous_12)
FN:149,(anonymous_13)
FN:266,(anonymous_14)
FN:335,(anonymous_15)
FNF:16
FNH:0
FNDA:0,(anonymous_0)
FNDA:0,(anonymous_1)
FNDA:0,(anonymous_2)
FNDA:0,(anonymous_3)
FNDA:0,(anonymous_4)
FNDA:0,(anonymous_5)
FNDA:0,(anonymous_6)
FNDA:0,(anonymous_7)
FNDA:0,(anonymous_8)
FNDA:0,(anonymous_9)
FNDA:0,(anonymous_10)
FNDA:0,(anonymous_11)
FNDA:0,(anonymous_12)
FNDA:0,(anonymous_13)
FNDA:0,(anonymous_14)
FNDA:0,(anonymous_15)
DA:30,1
DA:35,0
DA:42,0
DA:46,0
DA:47,0
DA:56,0
DA:58,0
DA:59,0
DA:71,0
DA:73,0
DA:76,0
DA:78,0
DA:81,0
DA:87,0
DA:88,0
DA:91,0
DA:92,0
DA:95,0
DA:100,0
DA:101,0
DA:114,0
DA:116,0
DA:118,0
DA:123,0
DA:124,0
DA:127,0
DA:128,0
DA:131,0
DA:132,0
DA:136,0
DA:147,0
DA:149,0
DA:150,0
DA:283,0
DA:284,0
DA:285,0
DA:300,0
DA:316,0
DA:317,0
DA:318,0
DA:320,0
DA:322,0
DA:323,0
DA:325,0
DA:328,0
DA:329,0
DA:336,0
DA:337,0
LF:48
LH:1
BRDA:78,0,0,0
BRDA:78,0,1,0
BRDA:87,1,0,0
BRDA:87,1,1,0
BRDA:114,2,0,0
BRDA:114,2,1,0
BRDA:127,3,0,0
BRDA:127,3,1,0
BRDA:131,4,0,0
BRDA:131,4,1,0
BRDA:283,5,0,0
BRDA:283,5,1,0
BRDA:283,6,0,0
BRDA:283,6,1,0
BRDA:284,7,0,0
BRDA:284,7,1,0
BRDA:316,8,0,0
BRDA:316,8,1,0
BRDA:316,9,0,0
BRDA:316,9,1,0
BRDA:317,10,0,0
BRDA:317,10,1,0
BRDA:322,11,0,0
BRDA:322,11,1,0
BRF:24
BRH:0
end_of_record
TN:
SF:projects/the-application/src/stopwatch/stopwatch.component.ts
FN:78,(anonymous_0)
FN:88,(anonymous_1)
FN:101,(anonymous_2)
FN:132,(anonymous_3)
FN:152,(anonymous_4)
FN:157,(anonymous_5)
FN:165,(anonymous_6)
FN:166,(anonymous_7)
FN:180,(anonymous_8)
FN:188,(anonymous_9)
FN:196,(anonymous_10)
FN:211,(anonymous_11)
FNF:12
FNH:0
FNDA:0,(anonymous_0)
FNDA:0,(anonymous_1)
FNDA:0,(anonymous_2)
FNDA:0,(anonymous_3)
FNDA:0,(anonymous_4)
FNDA:0,(anonymous_5)
FNDA:0,(anonymous_6)
FNDA:0,(anonymous_7)
FNDA:0,(anonymous_8)
FNDA:0,(anonymous_9)
FNDA:0,(anonymous_10)
FNDA:0,(anonymous_11)
DA:32,1
DA:79,0
DA:80,0
DA:81,0
DA:82,0
DA:89,0
DA:90,0
DA:91,0
DA:92,0
DA:93,0
DA:105,0
DA:106,0
DA:109,0
DA:110,0
DA:112,0
DA:113,0
DA:114,0
DA:115,0
DA:117,0
DA:123,0
DA:126,0
DA:133,0
DA:134,0
DA:141,0
DA:142,0
DA:144,0
DA:146,0
DA:148,0
DA:150,0
DA:152,0
DA:153,0
DA:158,0
DA:160,0
DA:161,0
DA:166,0
DA:167,0
DA:168,0
DA:169,0
DA:171,0
DA:172,0
DA:181,0
DA:182,0
DA:189,0
DA:190,0
DA:197,0
DA:198,0
DA:201,0
DA:203,0
DA:205,0
DA:212,0
DA:213,0
LF:51
LH:1
BRDA:105,0,0,0
BRDA:105,0,1,0
BRDA:117,1,0,0
BRDA:117,1,1,0
BRDA:118,2,0,0
BRDA:118,2,1,0
BRDA:118,2,2,0
BRDA:118,2,3,0
BRDA:133,3,0,0
BRDA:133,3,1,0
BRDA:160,4,0,0
BRDA:160,4,1,0
BRDA:160,5,0,0
BRDA:160,5,1,0
BRDA:167,6,0,0
BRDA:167,6,1,0
BRDA:171,7,0,0
BRDA:171,7,1,0
BRDA:171,8,0,0
BRDA:171,8,1,0
BRDA:197,9,0,0
BRDA:197,9,1,0
BRDA:212,10,0,0
BRDA:212,10,1,0
BRDA:212,11,0,0
BRDA:212,11,1,0
BRF:26
BRH:0
end_of_record
TN:
SF:projects/the-application/src/theme/theme.service.ts
FN:10,(anonymous_0)
FN:12,(anonymous_1)
FNF:2
FNH:1
FNDA:1,(anonymous_0)
FNDA:0,(anonymous_1)
DA:6,1
DA:7,1
DA:8,1
DA:13,0
DA:16,0
DA:17,0
DA:19,0
DA:21,0
DA:22,0
DA:24,0
DA:25,0
DA:27,0
DA:28,0
DA:30,0
DA:31,0
DA:34,0
LF:16
LH:3
BRDA:13,0,0,0
BRDA:13,0,1,0
BRDA:20,1,0,0
BRDA:20,1,1,0
BRDA:20,1,2,0
BRDA:20,1,3,0
BRF:6
BRH:0
end_of_record
TN:
SF:projects/the-application/src/time/time.ts
FN:54,(anonymous_0)
FN:75,(anonymous_1)
FNF:2
FNH:1
FNDA:9,(anonymous_0)
FNDA:0,(anonymous_1)
DA:10,1
DA:16,1
DA:22,1
DA:28,1
DA:60,9
DA:61,9
DA:62,0
DA:63,0
DA:64,0
DA:65,0
DA:67,9
DA:68,9
DA:69,9
DA:70,9
DA:78,0
DA:80,0
DA:81,0
DA:82,0
DA:83,0
DA:85,0
LF:20
LH:10
BRDA:60,0,0,9
BRDA:60,0,1,0
BRDA:61,1,0,0
BRDA:61,1,1,9
BRF:4
BRH:2
end_of_record
TN:
SF:projects/the-application/src/utilities/is-null-or-undefined.ts
FN:18,isNullOrUndefined
FNF:1
FNH:1
FNDA:85,isNullOrUndefined
DA:19,85
DA:20,26
DA:23,59
LF:3
LH:3
BRDA:19,0,0,26
BRDA:19,0,1,59
BRDA:19,1,0,85
BRDA:19,1,1,77
BRF:4
BRH:4
end_of_record
TN:
SF:projects/the-application/src/utilities/is-null.ts
FN:15,isNull
FNF:1
FNH:1
FNDA:85,isNull
DA:16,85
DA:17,8
DA:20,77
LF:3
LH:3
BRDA:16,0,0,8
BRDA:16,0,1,77
BRF:2
BRH:2
end_of_record
TN:
SF:projects/the-application/src/utilities/is-undefined.ts
FN:15,isUndefined
FNF:1
FNH:1
FNDA:77,isUndefined
DA:16,77
DA:17,18
DA:20,59
LF:3
LH:3
BRDA:16,0,0,18
BRDA:16,0,1,59
BRF:2
BRH:2
end_of_record
TN:
SF:projects/the-application/src/utilities/make-array.ts
FN:54,MakeArray
FN:55,(anonymous_1)
FN:70,getter
FN:79,setter
FNF:4
FNH:2
FNDA:4,MakeArray
FNDA:4,(anonymous_1)
FNDA:0,getter
FNDA:0,setter
DA:55,4
DA:59,4
DA:61,4
DA:71,0
DA:72,0
DA:75,0
DA:81,0
DA:83,0
DA:85,0
DA:88,0
DA:90,0
DA:94,0
DA:98,0
DA:100,0
DA:102,0
DA:103,0
DA:107,0
DA:114,4
LF:18
LH:4
BRDA:71,0,0,0
BRDA:71,0,1,0
BRDA:81,1,0,0
BRDA:81,1,1,0
BRDA:83,2,0,0
BRDA:83,2,1,0
BRDA:88,3,0,0
BRDA:88,3,1,0
BRDA:100,4,0,0
BRDA:100,4,1,0
BRDA:102,5,0,0
BRDA:102,5,1,0
BRF:12
BRH:0
end_of_record
TN:
SF:projects/the-application/src/utilities/make-property.ts
FN:194,MakeProperty
FN:198,(anonymous_1)
FN:218,primitiveGetter
FN:227,primitiveGetter
FN:241,primitiveSetter
FN:250,typeGetter
FN:263,typeSetter
FNF:7
FNH:7
FNDA:19,MakeProperty
FNDA:19,(anonymous_1)
FNDA:10,primitiveGetter
FNDA:28,primitiveGetter
FNDA:60,primitiveSetter
FNDA:8,typeGetter
FNDA:4,typeSetter
DA:198,19
DA:202,19
DA:204,19
DA:214,19
DA:215,17
DA:219,10
DA:222,9
DA:228,28
DA:229,0
DA:232,28
DA:235,8
DA:242,60
DA:245,17
DA:251,8
DA:252,0
DA:255,8
DA:258,2
DA:264,4
DA:265,0
DA:266,4
DA:267,0
DA:268,4
DA:269,0
DA:271,4
DA:275,2
DA:280,19
LF:26
LH:21
BRDA:214,0,0,17
BRDA:214,0,1,2
BRDA:215,1,0,9
BRDA:215,1,1,8
BRDA:228,2,0,0
BRDA:228,2,1,28
BRDA:251,3,0,0
BRDA:251,3,1,8
BRDA:264,4,0,0
BRDA:264,4,1,4
BRDA:266,5,0,0
BRDA:266,5,1,4
BRDA:268,6,0,0
BRDA:268,6,1,4
BRF:14
BRH:9
end_of_record
